<?xml version="1.0" encoding="UTF-8" ?>
<testsuite tests="25" failures="0" name="test1.DeduceTest" time="0.333" errors="0" skipped="0">
  <properties>
[...]
</properties>
  <testcase classname="test1.DeduceTest" name="testMainNoStrExFacts" time="0.02"/>
  <testcase classname="test1.DeduceTest" name="testMainWithNoErr" time="0.002"/>
  <testcase classname="test1.DeduceTest" name="testMainXmlWithNoAttribute" time="0.19"/>
  <testcase classname="test1.DeduceTest" name="testMainOpInRsultFact" time="0"/>
  <testcase classname="test1.DeduceTest" name="testMainIdealInput" time="0"/>
  <testcase classname="test1.DeduceTest" name="testMainLogicOperationErr" time="0.001"/>
  <testcase classname="test1.DeduceTest" name="testMainXmlWithNoErr" time="0.08"/>
  <testcase classname="test1.DeduceTest" name="testMainErrInOption" time="0.002"/>
  <testcase classname="test1.DeduceTest" name="testMainXmlWithErrInFact" time="0.005"/>
  <testcase classname="test1.DeduceTest" name="testMainExFactsErr" time="0.001"/>
  <testcase classname="test1.DeduceTest" name="testMainCommaInExpression" time="0.001"/>
  <testcase classname="test1.DeduceTest" name="testMainNoExpression" time="0.001"/>
  <testcase classname="test1.DeduceTest" name="testMainNoStrSep" time="0.001"/>
  <testcase classname="test1.DeduceTest" name="testMainFileNotFound" time="0.001"/>
  <testcase classname="test1.DeduceTest" name="testMainFirstStrErr" time="0.001"/>
  <testcase classname="test1.DeduceTest" name="testMainEmptyArgs" time="0.001"/>
  <testcase classname="test1.DeduceTest" name="testMainNoRuleResult" time="0.001"/>
  <testcase classname="test1.DeduceTest" name="testMainErrInArg" time="0"/>
  <testcase classname="test1.DeduceTest" name="testMainXmlWithNoFact" time="0.005"/>
  <testcase classname="test1.DeduceTest" name="testMainXmlWithNoRule" time="0.007"/>
  <testcase classname="test1.DeduceTest" name="testMainStrSepErr" time="0.002"/>
  <testcase classname="test1.DeduceTest" name="testMainErrInPath" time="0.004"/>
  <testcase classname="test1.DeduceTest" name="testMainOnlyLogicOperation" time="0.001"/>
  <testcase classname="test1.DeduceTest" name="testMainNullArgs" time="0"/>
  <testcase classname="test1.DeduceTest" name="testMainXmlWithNoOp" time="0.006"/>
</testsuite>